c:\users\kevin\documents\github\gameengine\educationengine\x64\debug\vc140.pdb
c:\users\kevin\documents\github\gameengine\educationengine\x64\debug\vc140.idb
c:\users\kevin\documents\github\gameengine\educationengine\x64\debug\game_state.obj
c:\users\kevin\documents\github\gameengine\educationengine\x64\debug\heightmap.obj
c:\users\kevin\documents\github\gameengine\educationengine\x64\debug\line.obj
c:\users\kevin\documents\github\gameengine\educationengine\x64\debug\linear_algebra.obj
c:\users\kevin\documents\github\gameengine\educationengine\x64\debug\math.obj
c:\users\kevin\documents\github\gameengine\educationengine\x64\debug\object.obj
c:\users\kevin\documents\github\gameengine\educationengine\x64\debug\object_system.obj
c:\users\kevin\documents\github\gameengine\educationengine\x64\debug\physics_system.obj
c:\users\kevin\documents\github\gameengine\educationengine\x64\debug\plane2d.obj
c:\users\kevin\documents\github\gameengine\educationengine\x64\debug\menu_state.obj
c:\users\kevin\documents\github\gameengine\educationengine\x64\debug\opengl_layer.obj
c:\users\kevin\documents\github\gameengine\educationengine\x64\debug\png.obj
c:\users\kevin\documents\github\gameengine\educationengine\x64\debug\point.obj
c:\users\kevin\documents\github\gameengine\educationengine\x64\debug\rectangle.obj
c:\users\kevin\documents\github\gameengine\educationengine\x64\debug\sphere.obj
c:\users\kevin\documents\github\gameengine\educationengine\x64\debug\state_system.obj
c:\users\kevin\documents\github\gameengine\educationengine\x64\debug\text_system.obj
c:\users\kevin\documents\github\gameengine\educationengine\x64\debug\title_state.obj
c:\users\kevin\documents\github\gameengine\educationengine\x64\debug\utility.obj
c:\users\kevin\documents\github\gameengine\educationengine\x64\debug\win32_layer.obj
c:\users\kevin\documents\github\gameengine\educationengine\x64\debug\asset_system.obj
c:\users\kevin\documents\github\gameengine\educationengine\x64\debug\box.obj
c:\users\kevin\documents\github\gameengine\educationengine\x64\debug\camera.obj
c:\users\kevin\documents\github\gameengine\educationengine\x64\debug\clock.obj
c:\users\kevin\documents\github\gameengine\educationengine\x64\debug\collision_system.obj
c:\users\kevin\documents\github\gameengine\educationengine\x64\debug\debug_system.obj
c:\users\kevin\documents\github\gameengine\educationengine\x64\debug\entity_system.obj
c:\users\kevin\documents\github\gameengine\educationengine\x64\debug\input_state.obj
c:\users\kevin\documents\github\gameengine\educationengine\x64\debug\memory_management.obj
c:\users\kevin\documents\github\gameengine\educationengine\x64\debug\game_loop.obj
c:\users\kevin\documents\github\gameengine\x64\debug\educationengine.ilk
c:\users\kevin\documents\github\gameengine\x64\debug\educationengine.exe
c:\users\kevin\documents\github\gameengine\x64\debug\educationengine.pdb
c:\users\kevin\documents\github\gameengine\educationengine\x64\debug\educationengine.tlog\cl.command.1.tlog
c:\users\kevin\documents\github\gameengine\educationengine\x64\debug\educationengine.tlog\cl.read.1.tlog
c:\users\kevin\documents\github\gameengine\educationengine\x64\debug\educationengine.tlog\cl.write.1.tlog
c:\users\kevin\documents\github\gameengine\educationengine\x64\debug\educationengine.tlog\link.command.1.tlog
c:\users\kevin\documents\github\gameengine\educationengine\x64\debug\educationengine.tlog\link.read.1.tlog
c:\users\kevin\documents\github\gameengine\educationengine\x64\debug\educationengine.tlog\link.write.1.tlog
